# JRE version: OpenJDK Runtime Environment (8.0_382-b05) (build 1.8.0_382-b05)
# Java VM: OpenJDK 64-Bit Server VM (25.382-b05 mixed mode windows-amd64 compressed oops)
Heap:
 PSYoungGen      total 134144K, used 50873K [0x00000000eb400000, 0x00000000f5d00000, 0x0000000100000000)
  eden space 121856K, 31% used [0x00000000eb400000,0x00000000ed9b0d40,0x00000000f2b00000)
  from space 12288K, 99% used [0x00000000f2b00000,0x00000000f36fd9c0,0x00000000f3700000)
  to   space 15872K, 0% used [0x00000000f4d80000,0x00000000f4d80000,0x00000000f5d00000)
 ParOldGen       total 74240K, used 24424K [0x00000000c1c00000, 0x00000000c6480000, 0x00000000eb400000)
  object space 74240K, 32% used [0x00000000c1c00000,0x00000000c33da218,0x00000000c6480000)
 Metaspace       used 51264K, capacity 54856K, committed 55128K, reserved 1097728K
  class space    used 7084K, capacity 7755K, committed 7808K, reserved 1048576K
GC Heap History (10 events):
Event: 9.378 GC heap before
{Heap before GC invocations=11 (full 1):
 PSYoungGen      total 102400K, used 102376K [0x00000000eb400000, 0x00000000f3a00000, 0x0000000100000000)
  eden space 95232K, 100% used [0x00000000eb400000,0x00000000f1100000,0x00000000f1100000)
  from space 7168K, 99% used [0x00000000f3200000,0x00000000f38fa1a8,0x00000000f3900000)
  to   space 1024K, 0% used [0x00000000f3900000,0x00000000f3900000,0x00000000f3a00000)
 ParOldGen       total 40960K, used 10636K [0x00000000c1c00000, 0x00000000c4400000, 0x00000000eb400000)
  object space 40960K, 25% used [0x00000000c1c00000,0x00000000c26630e0,0x00000000c4400000)
 Metaspace       used 31845K, capacity 33780K, committed 33920K, reserved 1079296K
  class space    used 4362K, capacity 4732K, committed 4736K, reserved 1048576K
Event: 9.389 GC heap after
Heap after GC invocations=11 (full 1):
 PSYoungGen      total 109056K, used 1024K [0x00000000eb400000, 0x00000000f3a00000, 0x0000000100000000)
  eden space 108032K, 0% used [0x00000000eb400000,0x00000000eb400000,0x00000000f1d80000)
  from space 1024K, 100% used [0x00000000f3900000,0x00000000f3a00000,0x00000000f3a00000)
  to   space 11264K, 0% used [0x00000000f2400000,0x00000000f2400000,0x00000000f2f00000)
 ParOldGen       total 40960K, used 22298K [0x00000000c1c00000, 0x00000000c4400000, 0x00000000eb400000)
  object space 40960K, 54% used [0x00000000c1c00000,0x00000000c31c6b08,0x00000000c4400000)
 Metaspace       used 31845K, capacity 33780K, committed 33920K, reserved 1079296K
  class space    used 4362K, capacity 4732K, committed 4736K, reserved 1048576K
}
Event: 9.744 GC heap before
{Heap before GC invocations=12 (full 1):
 PSYoungGen      total 109056K, used 25061K [0x00000000eb400000, 0x00000000f3a00000, 0x0000000100000000)
  eden space 108032K, 22% used [0x00000000eb400000,0x00000000ecb79758,0x00000000f1d80000)
  from space 1024K, 100% used [0x00000000f3900000,0x00000000f3a00000,0x00000000f3a00000)
  to   space 11264K, 0% used [0x00000000f2400000,0x00000000f2400000,0x00000000f2f00000)
 ParOldGen       total 40960K, used 22298K [0x00000000c1c00000, 0x00000000c4400000, 0x00000000eb400000)
  object space 40960K, 54% used [0x00000000c1c00000,0x00000000c31c6b08,0x00000000c4400000)
 Metaspace       used 33384K, capacity 35376K, committed 35416K, reserved 1079296K
  class space    used 4566K, capacity 4956K, committed 4992K, reserved 1048576K
Event: 9.750 GC heap after
Heap after GC invocations=12 (full 1):
 PSYoungGen      total 125952K, used 3309K [0x00000000eb400000, 0x00000000f4200000, 0x0000000100000000)
  eden space 114688K, 0% used [0x00000000eb400000,0x00000000eb400000,0x00000000f2400000)
  from space 11264K, 29% used [0x00000000f2400000,0x00000000f273b4f0,0x00000000f2f00000)
  to   space 11264K, 0% used [0x00000000f3700000,0x00000000f3700000,0x00000000f4200000)
 ParOldGen       total 40960K, used 22370K [0x00000000c1c00000, 0x00000000c4400000, 0x00000000eb400000)
  object space 40960K, 54% used [0x00000000c1c00000,0x00000000c31d8b08,0x00000000c4400000)
 Metaspace       used 33384K, capacity 35376K, committed 35416K, reserved 1079296K
  class space    used 4566K, capacity 4956K, committed 4992K, reserved 1048576K
}
Event: 9.750 GC heap before
{Heap before GC invocations=13 (full 2):
 PSYoungGen      total 125952K, used 3309K [0x00000000eb400000, 0x00000000f4200000, 0x0000000100000000)
  eden space 114688K, 0% used [0x00000000eb400000,0x00000000eb400000,0x00000000f2400000)
  from space 11264K, 29% used [0x00000000f2400000,0x00000000f273b4f0,0x00000000f2f00000)
  to   space 11264K, 0% used [0x00000000f3700000,0x00000000f3700000,0x00000000f4200000)
 ParOldGen       total 40960K, used 22370K [0x00000000c1c00000, 0x00000000c4400000, 0x00000000eb400000)
  object space 40960K, 54% used [0x00000000c1c00000,0x00000000c31d8b08,0x00000000c4400000)
 Metaspace       used 33384K, capacity 35376K, committed 35416K, reserved 1079296K
  class space    used 4566K, capacity 4956K, committed 4992K, reserved 1048576K
Event: 9.804 GC heap after
Heap after GC invocations=13 (full 2):
 PSYoungGen      total 125952K, used 0K [0x00000000eb400000, 0x00000000f4200000, 0x0000000100000000)
  eden space 114688K, 0% used [0x00000000eb400000,0x00000000eb400000,0x00000000f2400000)
  from space 11264K, 0% used [0x00000000f2400000,0x00000000f2400000,0x00000000f2f00000)
  to   space 11264K, 0% used [0x00000000f3700000,0x00000000f3700000,0x00000000f4200000)
 ParOldGen       total 74240K, used 19702K [0x00000000c1c00000, 0x00000000c6480000, 0x00000000eb400000)
  object space 74240K, 26% used [0x00000000c1c00000,0x00000000c2f3d970,0x00000000c6480000)
 Metaspace       used 33384K, capacity 35376K, committed 35416K, reserved 1079296K
  class space    used 4566K, capacity 4956K, committed 4992K, reserved 1048576K
}
Event: 14.367 GC heap before
{Heap before GC invocations=14 (full 2):
 PSYoungGen      total 125952K, used 114688K [0x00000000eb400000, 0x00000000f4200000, 0x0000000100000000)
  eden space 114688K, 100% used [0x00000000eb400000,0x00000000f2400000,0x00000000f2400000)
  from space 11264K, 0% used [0x00000000f2400000,0x00000000f2400000,0x00000000f2f00000)
  to   space 11264K, 0% used [0x00000000f3700000,0x00000000f3700000,0x00000000f4200000)
 ParOldGen       total 74240K, used 19702K [0x00000000c1c00000, 0x00000000c6480000, 0x00000000eb400000)
  object space 74240K, 26% used [0x00000000c1c00000,0x00000000c2f3d970,0x00000000c6480000)
 Metaspace       used 42363K, capacity 44836K, committed 45144K, reserved 1087488K
  class space    used 5721K, capacity 6190K, committed 6272K, reserved 1048576K
Event: 14.391 GC heap after
Heap after GC invocations=14 (full 2):
 PSYoungGen      total 133120K, used 10380K [0x00000000eb400000, 0x00000000f4f00000, 0x0000000100000000)
  eden space 121856K, 0% used [0x00000000eb400000,0x00000000eb400000,0x00000000f2b00000)
  from space 11264K, 92% used [0x00000000f3700000,0x00000000f41233a0,0x00000000f4200000)
  to   space 12288K, 0% used [0x00000000f2b00000,0x00000000f2b00000,0x00000000f3700000)
 ParOldGen       total 74240K, used 19774K [0x00000000c1c00000, 0x00000000c6480000, 0x00000000eb400000)
  object space 74240K, 26% used [0x00000000c1c00000,0x00000000c2f4f980,0x00000000c6480000)
 Metaspace       used 42363K, capacity 44836K, committed 45144K, reserved 1087488K
  class space    used 5721K, capacity 6190K, committed 6272K, reserved 1048576K
}
Event: 17.721 GC heap before
{Heap before GC invocations=15 (full 2):
 PSYoungGen      total 133120K, used 132236K [0x00000000eb400000, 0x00000000f4f00000, 0x0000000100000000)
  eden space 121856K, 100% used [0x00000000eb400000,0x00000000f2b00000,0x00000000f2b00000)
  from space 11264K, 92% used [0x00000000f3700000,0x00000000f41233a0,0x00000000f4200000)
  to   space 12288K, 0% used [0x00000000f2b00000,0x00000000f2b00000,0x00000000f3700000)
 ParOldGen       total 74240K, used 19774K [0x00000000c1c00000, 0x00000000c6480000, 0x00000000eb400000)
  object space 74240K, 26% used [0x00000000c1c00000,0x00000000c2f4f980,0x00000000c6480000)
 Metaspace       used 49067K, capacity 52034K, committed 52056K, reserved 1093632K
  class space    used 6728K, capacity 7275K, committed 7296K, reserved 1048576K
Event: 17.750 GC heap after
Heap after GC invocations=15 (full 2):
 PSYoungGen      total 134144K, used 12278K [0x00000000eb400000, 0x00000000f5d00000, 0x0000000100000000)
  eden space 121856K, 0% used [0x00000000eb400000,0x00000000eb400000,0x00000000f2b00000)
  from space 12288K, 99% used [0x00000000f2b00000,0x00000000f36fd9c0,0x00000000f3700000)
  to   space 15872K, 0% used [0x00000000f4d80000,0x00000000f4d80000,0x00000000f5d00000)
 ParOldGen       total 74240K, used 24424K [0x00000000c1c00000, 0x00000000c6480000, 0x00000000eb400000)
  object space 74240K, 32% used [0x00000000c1c00000,0x00000000c33da218,0x00000000c6480000)
 Metaspace       used 49067K, capacity 52034K, committed 52056K, reserved 1093632K
  class space    used 6728K, capacity 7275K, committed 7296K, reserved 1048576K
}

